<?xml version="1.0" encoding="UTF-8"?>
<testsuite name="io.github.mmore500.csci361.pq.PriorityQueueTest" tests="1" skipped="0" failures="0" errors="0" timestamp="2016-09-17T20:07:17" hostname="Matthew-Morenos-MacBook-Pro.local" time="0.001">
  <properties/>
  <testcase name="testConstruction" classname="io.github.mmore500.csci361.pq.PriorityQueueTest" time="0.001"/>
  <system-out><![CDATA[]]></system-out>
  <system-err><![CDATA[]]></system-err>
</testsuite>
