<?xml version="1.0" encoding="UTF-8"?>
<testsuite name="PriorityQueueTest" tests="1" skipped="0" failures="0" errors="0" timestamp="2016-09-17T20:07:49" hostname="Matthew-Morenos-MacBook-Pro.local" time="0.003">
  <properties/>
  <testcase name="testConstruction" classname="PriorityQueueTest" time="0.003"/>
  <system-out><![CDATA[]]></system-out>
  <system-err><![CDATA[]]></system-err>
</testsuite>
